TN:
SF:/home/terz99/Workspace/homeworks/SDS/hw1/test/check_rpn.c
FN:24,test_expr_token_eval
FN:77,gdb_suite
FN:98,main
FNDA:1,test_expr_token_eval
FNDA:2,gdb_suite
FNDA:2,main
FNF:3
FNH:3
DA:24,1
DA:29,1
DA:41,1
DA:43,1
DA:56,11
DA:57,10
DA:59,10
DA:60,10
DA:61,20
DA:62,10
DA:63,10
DA:64,10
DA:65,10
DA:66,10
DA:67,10
DA:68,10
DA:71,1
DA:77,2
DA:83,2
DA:84,2
DA:88,2
DA:89,2
DA:91,2
DA:98,2
DA:104,2
DA:105,2
DA:107,2
DA:108,1
DA:109,1
DA:111,1
LF:30
LH:30
end_of_record
TN:
SF:/home/terz99/Workspace/homeworks/SDS/hw1/test/check_rpn-stack.c
FN:36,test_new_stack
FN:50,test_push_stack
FN:82,test_empty_stack
FN:108,test_peek_stack
FN:137,test_pop_stack
FN:167,test_del_stack
FN:191,gdb_suite
FN:232,main
FNDA:1,test_new_stack
FNDA:1,test_push_stack
FNDA:1,test_empty_stack
FNDA:1,test_peek_stack
FNDA:1,test_pop_stack
FNDA:1,test_del_stack
FNDA:7,gdb_suite
FNDA:7,main
FNF:8
FNH:8
DA:36,1
DA:38,1
DA:40,1
DA:41,1
DA:42,1
DA:44,1
DA:50,1
DA:53,1
DA:56,1
DA:57,1
DA:58,1
DA:59,1
DA:62,6
DA:63,5
DA:64,5
DA:65,5
DA:67,1
DA:70,1
DA:71,1
DA:72,1
DA:74,1
DA:77,1
DA:82,1
DA:85,1
DA:88,1
DA:89,1
DA:90,1
DA:91,1
DA:92,1
DA:93,1
DA:94,1
DA:95,1
DA:96,1
DA:97,1
DA:98,1
DA:100,1
DA:102,1
DA:108,1
DA:110,1
DA:113,1
DA:114,1
DA:115,1
DA:118,6
DA:119,5
DA:120,5
DA:121,5
DA:125,1
DA:126,1
DA:127,1
DA:129,1
DA:131,1
DA:137,1
DA:139,1
DA:142,1
DA:143,1
DA:144,1
DA:145,1
DA:148,6
DA:149,5
DA:151,1
DA:153,6
DA:154,5
DA:155,5
DA:158,1
DA:160,1
DA:167,1
DA:170,1
DA:173,1
DA:174,1
DA:175,1
DA:176,1
DA:177,1
DA:178,1
DA:179,1
DA:180,1
DA:181,1
DA:183,1
DA:185,1
DA:191,7
DA:198,7
DA:199,7
DA:200,7
DA:201,7
DA:202,7
DA:203,7
DA:204,7
DA:207,7
DA:208,7
DA:210,7
DA:211,7
DA:213,7
DA:214,7
DA:216,7
DA:217,7
DA:219,7
DA:220,7
DA:222,7
DA:223,7
DA:225,7
DA:232,7
DA:238,7
DA:239,7
DA:241,7
DA:242,1
DA:243,1
DA:245,1
LF:106
LH:106
end_of_record
TN:
SF:/home/terz99/Workspace/homeworks/SDS/hw1/src/rpn.c
FN:24,token_sign
FN:39,op
FN:51,rpn_eval_token
FN:128,rpn_eval_expr
FNDA:78,token_sign
FNDA:13,op
FNDA:10,rpn_eval_token
FNDA:10,rpn_eval_expr
FNF:4
FNH:4
DA:24,78
DA:25,78
DA:26,78
DA:27,67
DA:28,63
DA:29,57
DA:30,29
DA:32,49
DA:39,13
DA:40,13
DA:41,5
DA:42,8
DA:43,2
DA:44,6
DA:45,2
DA:47,4
DA:51,10
DA:56,10
DA:59,50
DA:60,41
DA:61,15
DA:63,26
DA:64,1
DA:68,44
DA:69,37
DA:74,14
DA:75,0
DA:77,14
DA:78,14
DA:79,1
DA:81,13
DA:82,13
DA:83,13
DA:84,13
DA:85,13
DA:86,0
DA:87,0
DA:90,13
DA:91,13
DA:92,5
DA:93,5
DA:94,5
DA:95,2
DA:96,2
DA:97,2
DA:98,2
DA:99,2
DA:100,2
DA:101,4
DA:102,4
DA:103,1
DA:104,1
DA:106,3
DA:109,12
DA:111,23
DA:112,23
DA:113,23
DA:117,7
DA:118,7
DA:119,1
DA:121,6
DA:122,6
DA:123,6
DA:124,6
DA:125,6
DA:128,10
DA:130,10
DA:135,10
DA:136,10
DA:137,0
DA:138,0
DA:140,10
DA:142,10
DA:143,10
DA:144,10
DA:147,61
DA:148,41
DA:149,41
DA:150,31
DA:154,10
DA:155,10
DA:156,0
DA:157,0
DA:160,10
DA:161,10
DA:162,6
DA:163,6
DA:164,6
DA:165,1
DA:166,1
DA:167,1
DA:168,1
DA:169,1
DA:170,1
DA:171,1
DA:172,1
DA:173,1
DA:174,1
DA:175,1
DA:177,10
DA:178,10
DA:179,10
LF:102
LH:95
end_of_record
TN:
SF:/home/terz99/Workspace/homeworks/SDS/hw1/src/rpn-stack.c
FN:18,rpn_stack_new
FN:31,rpn_stack_push
FN:45,rpn_stack_pop
FN:58,rpn_stack_empty
FN:62,rpn_stack_peek
FN:70,rpn_stack_del
FN:76,rpn_print
FNDA:16,rpn_stack_new
FNDA:54,rpn_stack_push
FNDA:45,rpn_stack_pop
FNDA:61,rpn_stack_empty
FNDA:12,rpn_stack_peek
FNDA:1,rpn_stack_del
FNDA:0,rpn_print
FNF:7
FNH:6
DA:18,16
DA:21,16
DA:22,16
DA:23,0
DA:24,0
DA:26,16
DA:27,16
DA:28,16
DA:31,54
DA:34,54
DA:35,54
DA:36,0
DA:37,0
DA:40,54
DA:41,54
DA:42,54
DA:43,54
DA:45,45
DA:50,45
DA:51,45
DA:52,45
DA:53,45
DA:54,45
DA:55,45
DA:58,61
DA:59,61
DA:62,12
DA:63,12
DA:64,0
DA:66,12
DA:70,1
DA:71,4
DA:72,2
DA:74,1
DA:76,0
DA:78,0
DA:79,0
DA:80,0
DA:81,0
DA:83,0
DA:84,0
LF:41
LH:29
end_of_record
